2020-05-19 04:57:42,533 INFO o.a.j.u.JMeterUtils: Setting Locale to en_EN
2020-05-19 04:57:42,565 INFO o.a.j.JMeter: Loading user properties from: /usr/local/Cellar/jmeter/5.2.1/libexec/bin/user.properties
2020-05-19 04:57:42,566 INFO o.a.j.JMeter: Loading system properties from: /usr/local/Cellar/jmeter/5.2.1/libexec/bin/system.properties
2020-05-19 04:57:42,568 INFO o.a.j.JMeter: Copyright (c) 1998-2019 The Apache Software Foundation
2020-05-19 04:57:42,568 INFO o.a.j.JMeter: Version 5.2.1
2020-05-19 04:57:42,568 INFO o.a.j.JMeter: java.version=14.0.1
2020-05-19 04:57:42,568 INFO o.a.j.JMeter: java.vm.name=Java HotSpot(TM) 64-Bit Server VM
2020-05-19 04:57:42,568 INFO o.a.j.JMeter: os.name=Mac OS X
2020-05-19 04:57:42,569 INFO o.a.j.JMeter: os.arch=x86_64
2020-05-19 04:57:42,569 INFO o.a.j.JMeter: os.version=10.15.4
2020-05-19 04:57:42,569 INFO o.a.j.JMeter: file.encoding=UTF-8
2020-05-19 04:57:42,569 INFO o.a.j.JMeter: java.awt.headless=true
2020-05-19 04:57:42,569 INFO o.a.j.JMeter: Max memory     =1073741824
2020-05-19 04:57:42,569 INFO o.a.j.JMeter: Available Processors =8
2020-05-19 04:57:42,579 INFO o.a.j.JMeter: Default Locale=English (EN)
2020-05-19 04:57:42,580 INFO o.a.j.JMeter: JMeter  Locale=English (EN)
2020-05-19 04:57:42,580 INFO o.a.j.JMeter: JMeterHome=/usr/local/Cellar/jmeter/5.2.1/libexec
2020-05-19 04:57:42,580 INFO o.a.j.JMeter: user.dir  =/Users/goker/code/marka.club
2020-05-19 04:57:42,580 INFO o.a.j.JMeter: PWD       =/Users/goker/code/marka.club
2020-05-19 04:57:42,594 INFO o.a.j.JMeter: IP: 192.168.1.101 Name: goker.local FullName: 192.168.1.101
2020-05-19 04:57:42,607 INFO o.a.j.s.FileServer: Default base='/Users/goker/code/marka.club'
2020-05-19 04:57:42,610 INFO o.a.j.s.FileServer: Set new base='/Users/goker/code/marka.club'
2020-05-19 04:57:42,755 INFO o.a.j.s.SaveService: Testplan (JMX) version: 2.2. Testlog (JTL) version: 2.2
2020-05-19 04:57:42,781 INFO o.a.j.s.SaveService: Using SaveService properties version 5.0
2020-05-19 04:57:42,785 INFO o.a.j.s.SaveService: Using SaveService properties file encoding UTF-8
2020-05-19 04:57:42,788 INFO o.a.j.s.SaveService: Loading file: test.jmx
2020-05-19 04:57:42,835 INFO o.a.j.p.h.s.HTTPSamplerBase: Parser for text/html is org.apache.jmeter.protocol.http.parser.LagartoBasedHtmlParser
2020-05-19 04:57:42,835 INFO o.a.j.p.h.s.HTTPSamplerBase: Parser for application/xhtml+xml is org.apache.jmeter.protocol.http.parser.LagartoBasedHtmlParser
2020-05-19 04:57:42,835 INFO o.a.j.p.h.s.HTTPSamplerBase: Parser for application/xml is org.apache.jmeter.protocol.http.parser.LagartoBasedHtmlParser
2020-05-19 04:57:42,836 INFO o.a.j.p.h.s.HTTPSamplerBase: Parser for text/xml is org.apache.jmeter.protocol.http.parser.LagartoBasedHtmlParser
2020-05-19 04:57:42,836 INFO o.a.j.p.h.s.HTTPSamplerBase: Parser for text/vnd.wap.wml is org.apache.jmeter.protocol.http.parser.RegexpHTMLParser
2020-05-19 04:57:42,836 INFO o.a.j.p.h.s.HTTPSamplerBase: Parser for text/css is org.apache.jmeter.protocol.http.parser.CssParser
2020-05-19 04:57:42,931 INFO o.a.j.p.h.c.CookieManager: Settings: Delete null: true Check: true Allow variable: true Save: false Prefix: COOKIE_
2020-05-19 04:57:42,935 INFO o.a.j.p.h.c.CacheManager: Will only cache the following methods: [GET]
2020-05-19 04:57:42,959 INFO o.a.j.JMeter: Creating summariser <summary>
2020-05-19 04:57:42,964 INFO o.a.j.e.StandardJMeterEngine: Running the test!
2020-05-19 04:57:42,970 INFO o.a.j.s.SampleEvent: List of sample_variables: []
2020-05-19 04:57:42,970 INFO o.a.j.s.SampleEvent: List of sample_variables: []
2020-05-19 04:57:42,978 INFO o.a.j.e.u.CompoundVariable: Note: Function class names must contain the string: '.functions.'
2020-05-19 04:57:42,978 INFO o.a.j.e.u.CompoundVariable: Note: Function class names must not contain the string: '.gui.'
2020-05-19 04:57:43,506 INFO o.a.j.JMeter: Running test (1589853463506)
2020-05-19 04:57:43,522 INFO o.a.j.e.StandardJMeterEngine: Starting ThreadGroup: 1 : Marka Test
2020-05-19 04:57:43,522 INFO o.a.j.e.StandardJMeterEngine: Starting 10 threads for group Marka Test.
2020-05-19 04:57:43,522 INFO o.a.j.e.StandardJMeterEngine: Thread will continue on error
2020-05-19 04:57:43,522 INFO o.a.j.t.ThreadGroup: Starting thread group... number=1 threads=10 ramp-up=1 delayedStart=false
2020-05-19 04:57:43,537 INFO o.a.j.t.JMeterThread: Thread started: Marka Test 1-1
2020-05-19 04:57:43,574 INFO o.a.j.p.h.s.HTTPHCAbstractImpl: Local host = goker.local
2020-05-19 04:57:43,584 INFO o.a.j.p.h.s.HTTPHC4Impl: HTTP request retry count = 0
2020-05-19 04:57:43,586 INFO o.a.j.s.SampleResult: Note: Sample TimeStamps are START times
2020-05-19 04:57:43,586 INFO o.a.j.s.SampleResult: sampleresult.default.encoding is set to ISO-8859-1
2020-05-19 04:57:43,586 INFO o.a.j.s.SampleResult: sampleresult.useNanoTime=true
2020-05-19 04:57:43,586 INFO o.a.j.s.SampleResult: sampleresult.nanoThreadSleep=5000
2020-05-19 04:57:43,639 INFO o.a.j.t.JMeterThread: Thread started: Marka Test 1-2
2020-05-19 04:57:43,668 INFO o.a.j.t.ThreadGroup: Started thread group number 1
2020-05-19 04:57:43,668 INFO o.a.j.e.StandardJMeterEngine: All thread groups have been started
2020-05-19 04:57:43,757 INFO o.a.j.t.JMeterThread: Thread started: Marka Test 1-3
2020-05-19 04:57:43,843 INFO o.a.j.t.JMeterThread: Thread started: Marka Test 1-4
2020-05-19 04:57:43,941 INFO o.a.j.t.JMeterThread: Thread started: Marka Test 1-5
2020-05-19 04:57:44,046 INFO o.a.j.t.JMeterThread: Thread started: Marka Test 1-6
2020-05-19 04:57:44,139 INFO o.a.j.t.JMeterThread: Thread started: Marka Test 1-7
2020-05-19 04:57:44,233 INFO o.a.j.t.JMeterThread: Thread started: Marka Test 1-8
2020-05-19 04:57:44,339 INFO o.a.j.t.JMeterThread: Thread started: Marka Test 1-9
2020-05-19 04:57:44,442 INFO o.a.j.t.JMeterThread: Thread started: Marka Test 1-10
2020-05-19 04:58:00,025 INFO o.a.j.r.Summariser: summary +    103 in 00:00:17 =    6.2/s Avg:  1487 Min:    28 Max:  8363 Err:     0 (0.00%) Active: 10 Started: 10 Finished: 0
2020-05-19 04:58:30,049 INFO o.a.j.r.Summariser: summary +    311 in 00:00:30 =   10.4/s Avg:   948 Min:   325 Max:  1963 Err:     0 (0.00%) Active: 10 Started: 10 Finished: 0
2020-05-19 04:58:30,050 INFO o.a.j.r.Summariser: summary =    414 in 00:00:47 =    8.9/s Avg:  1082 Min:    28 Max:  8363 Err:     0 (0.00%)
2020-05-19 04:59:00,116 INFO o.a.j.r.Summariser: summary +    370 in 00:00:30 =   12.3/s Avg:   798 Min:   312 Max:  1747 Err:     0 (0.00%) Active: 10 Started: 10 Finished: 0
2020-05-19 04:59:00,123 INFO o.a.j.r.Summariser: summary =    784 in 00:01:17 =   10.2/s Avg:   948 Min:    28 Max:  8363 Err:     0 (0.00%)
2020-05-19 04:59:25,379 INFO o.a.j.t.JMeterThread: Thread is done: Marka Test 1-1
2020-05-19 04:59:25,380 INFO o.a.j.t.JMeterThread: Thread finished: Marka Test 1-1
2020-05-19 04:59:25,424 INFO o.a.j.t.JMeterThread: Thread is done: Marka Test 1-3
2020-05-19 04:59:25,424 INFO o.a.j.t.JMeterThread: Thread finished: Marka Test 1-3
2020-05-19 04:59:25,636 INFO o.a.j.t.JMeterThread: Thread is done: Marka Test 1-9
2020-05-19 04:59:25,636 INFO o.a.j.t.JMeterThread: Thread finished: Marka Test 1-9
2020-05-19 04:59:26,091 INFO o.a.j.t.JMeterThread: Thread is done: Marka Test 1-8
2020-05-19 04:59:26,092 INFO o.a.j.t.JMeterThread: Thread finished: Marka Test 1-8
2020-05-19 04:59:26,550 INFO o.a.j.t.JMeterThread: Thread is done: Marka Test 1-4
2020-05-19 04:59:26,551 INFO o.a.j.t.JMeterThread: Thread finished: Marka Test 1-4
2020-05-19 04:59:27,119 INFO o.a.j.t.JMeterThread: Thread is done: Marka Test 1-6
2020-05-19 04:59:27,120 INFO o.a.j.t.JMeterThread: Thread finished: Marka Test 1-6
2020-05-19 04:59:27,845 INFO o.a.j.t.JMeterThread: Thread is done: Marka Test 1-7
2020-05-19 04:59:27,846 INFO o.a.j.t.JMeterThread: Thread finished: Marka Test 1-7
2020-05-19 04:59:28,758 INFO o.a.j.t.JMeterThread: Thread is done: Marka Test 1-2
2020-05-19 04:59:28,758 INFO o.a.j.t.JMeterThread: Thread finished: Marka Test 1-2
2020-05-19 04:59:28,913 INFO o.a.j.t.JMeterThread: Thread is done: Marka Test 1-5
2020-05-19 04:59:28,913 INFO o.a.j.t.JMeterThread: Thread finished: Marka Test 1-5
2020-05-19 04:59:28,979 INFO o.a.j.t.JMeterThread: Thread is done: Marka Test 1-10
2020-05-19 04:59:28,979 INFO o.a.j.t.JMeterThread: Thread finished: Marka Test 1-10
2020-05-19 04:59:28,980 INFO o.a.j.e.StandardJMeterEngine: Notifying test listeners of end of test
2020-05-19 04:59:28,982 INFO o.a.j.r.Summariser: summary +    466 in 00:00:29 =   16.1/s Avg:   568 Min:    63 Max:  1146 Err:     0 (0.00%) Active: 0 Started: 10 Finished: 10
2020-05-19 04:59:28,983 INFO o.a.j.r.Summariser: summary =   1250 in 00:01:45 =   11.9/s Avg:   807 Min:    28 Max:  8363 Err:     0 (0.00%)
